<?xml version="1.0" encoding="UTF-8"?>
<testsuite name="org.example.AllTest" tests="2" skipped="0" failures="0" errors="0" timestamp="2023-04-22T12:53:09" hostname="DESKTOP-79OU0TS" time="2.363">
  <properties/>
  <testcase name="getOneHundredEntitiesByThreeWays()" classname="org.example.AllTest" time="2.307"/>
  <testcase name="saveOneHundredEntitiesByThreeWays()" classname="org.example.AllTest" time="0.046"/>
  <system-out><![CDATA[MyBatis getAll time: 32
JDBC getAll time: 6
Hibernate getAll time: 3
MyBatis save time: 14
JDBC save time: 11
Hibernate save time: 12
]]></system-out>
  <system-err><![CDATA[]]></system-err>
</testsuite>
