<?xml version="1.0" encoding="UTF-8"?>
<testsuite name="org.example.entities.banks.CentralBankTest" tests="3" skipped="0" failures="0" errors="0" timestamp="2023-04-22T12:53:07" hostname="DESKTOP-79OU0TS" time="0.056">
  <properties/>
  <testcase name="createTwoBanksAndCheckTransfersFromFirstBankToSecondBank_CommissionPerMonth()" classname="org.example.entities.banks.CentralBankTest" time="0.042"/>
  <testcase name="changeAccountTerms_SendMessageToClientsAboutIt()" classname="org.example.entities.banks.CentralBankTest" time="0.009"/>
  <testcase name="transferMoneyInOneBankOnly_CancelTransaction()" classname="org.example.entities.banks.CentralBankTest" time="0.003"/>
  <system-out><![CDATA[]]></system-out>
  <system-err><![CDATA[]]></system-err>
</testsuite>
